store_img1_view()
sRelativePath: /Users/dantefernandez/Projects/Proto21/webapps/proto21_home/proto21_home/static
sDBPath: /Users/dantefernandez/Projects/Proto21/webapps/proto21_home/proto21_home/db
sRelativePath: /Users/dantefernandez/Projects/Proto21/webapps/proto21_home/proto21_home/static
sBaseFileName: 50c871c7-b77f-4e35-a5be-6e1ccdc537c9.jpg
sDBPath: /Users/dantefernandez/Projects/Proto21/webapps/proto21_home/proto21_home/db
store_img1_view()
sRelativePath: /Users/dantefernandez/Projects/Proto21/webapps/proto21_home/proto21_home/static
sBaseFileName: 3b40c250-ec50-4eed-925f-b3f8399e9ca2.jpg
sDBPath: /Users/dantefernandez/Projects/Proto21/webapps/proto21_home/proto21_home/db
store_img1_view()
sRelativePath: /Users/dantefernandez/Projects/Proto21/webapps/proto21_home/proto21_home/static
sBaseFileName: 9f6a65df-6b4e-4455-b55c-57b3b7fcb8b2.jpg
sDBPath: /Users/dantefernandez/Projects/Proto21/webapps/proto21_home/proto21_home/db
sRelativePath: /Users/dantefernandez/Projects/Proto21/webapps/proto21_home/proto21_home/static
sBaseFileName: 5ef119da-b2d6-494b-8c41-ced5766d7ba0.jpg
sDBPath: /Users/dantefernandez/Projects/Proto21/webapps/proto21_home/proto21_home/db
sRelativePath: /Users/dantefernandez/Projects/Proto21/webapps/proto21_home/proto21_home/static
sBaseFileName: a186ca6d-6800-41a7-a508-9a953b7a5910.jpg
sDBPath: /Users/dantefernandez/Projects/Proto21/webapps/proto21_home/proto21_home/db
sRelativePath: /Users/dantefernandez/Projects/Proto21/webapps/proto21_home/proto21_home/static
sBaseFileName: 4fd06566-4d20-4a6a-b270-3f7bb7be8a0b.jpg
sDBPath: /Users/dantefernandez/Projects/Proto21/webapps/proto21_home/proto21_home/db
store_img1_view()
sRelativePath: /Users/dantefernandez/Projects/Proto21/webapps/proto21_home/proto21_home/static
sBaseFileName: 861ecd44-a013-430c-8eb4-c42f6dac2338.jpg
sDBPath: /Users/dantefernandez/Projects/Proto21/webapps/proto21_home/proto21_home/db
store_img1_view()
sRelativePath: /Users/dantefernandez/Projects/Proto21/webapps/proto21_home/proto21_home/static
sBaseFileName: 86110248-6f90-4799-a7c1-0db9da17000f.jpg
sDBPath: /Users/dantefernandez/Projects/Proto21/webapps/proto21_home/proto21_home/db
sRelativePath: /Users/dantefernandez/Projects/Proto21/webapps/proto21_home/proto21_home/static
sBaseFileName: 751907cd-8b10-4524-8e34-e2b8c41cbaa2.jpg
sDBPath: /Users/dantefernandez/Projects/Proto21/webapps/proto21_home/proto21_home/db
sRelativePath: /Users/dantefernandez/Projects/Proto21/webapps/proto21_home/proto21_home/static
sBaseFileName: 49c4a452-7a80-4a81-aeb6-8b4cbdf3035a.jpg
sDBPath: /Users/dantefernandez/Projects/Proto21/webapps/proto21_home/proto21_home/db
sRelativePath: /Users/dantefernandez/Projects/Proto21/webapps/proto21_home/proto21_home/static
sBaseFileName: 44faa317-7eaa-4b72-8cbc-426a9ef6a1dc.jpg
sDBPath: /Users/dantefernandez/Projects/Proto21/webapps/proto21_home/proto21_home/db
sRelativePath: /Users/dantefernandez/Projects/Proto21/webapps/proto21_home/proto21_home/static
sBaseFileName: b50e125e-c1d5-47a6-bad4-1fbb65878bd5.jpg
sDBPath: /Users/dantefernandez/Projects/Proto21/webapps/proto21_home/proto21_home/db
store_img1_view()
sRelativePath: /Users/dantefernandez/Projects/Proto21/webapps/proto21_home/proto21_home/static
sBaseFileName: 4987a7ab-07f6-4794-97bc-00b33e69c6e3.jpg
sDBPath: /Users/dantefernandez/Projects/Proto21/webapps/proto21_home/proto21_home/db
store_img1_view()
sRelativePath: /Users/dantefernandez/Projects/Proto21/webapps/proto21_home/proto21_home/static
sBaseFileName: fdf040b4-f61a-40ab-ad69-2b2732756b0d.jpg
sDBPath: /Users/dantefernandez/Projects/Proto21/webapps/proto21_home/proto21_home/db
store_img1_view()
sRelativePath: /Users/dantefernandez/Projects/Proto21/webapps/proto21_home/proto21_home/static
sBaseFileName: 4ca622a6-f8f3-4a4c-b621-9d1f1b7893d1.jpg
sDBPath: /Users/dantefernandez/Projects/Proto21/webapps/proto21_home/proto21_home/db
store_img1_view()
sRelativePath: /Users/dantefernandez/Projects/Proto21/webapps/proto21_home/proto21_home/static
sBaseFileName: e05a0148-87db-4b09-bc94-1da8fd4af006.jpg
sDBPath: /Users/dantefernandez/Projects/Proto21/webapps/proto21_home/proto21_home/db
store_img1_view()
sRelativePath: /Users/dantefernandez/Projects/Proto21/webapps/proto21_home/proto21_home/static
sBaseFileName: c0a257fa-7ded-4204-ab1c-ac0ac48a74a6.jpg
sDBPath: /Users/dantefernandez/Projects/Proto21/webapps/proto21_home/proto21_home/db
store_img1_view()
sRelativePath: /Users/dantefernandez/Projects/Proto21/webapps/proto21_home/proto21_home/static
sBaseFileName: 1ef11f09-ec91-4fae-b645-895f9a47af9a.jpg
sDBPath: /Users/dantefernandez/Projects/Proto21/webapps/proto21_home/proto21_home/db
store_img1_view()
sRelativePath: /Users/dantefernandez/Projects/Proto21/webapps/proto21_home/proto21_home/static
sBaseFileName: 0fec2463-a9b3-41ba-b540-5aa2144efb63.jpg
sDBPath: /Users/dantefernandez/Projects/Proto21/webapps/proto21_home/proto21_home/db
store_img1_view()
sRelativePath: /Users/dantefernandez/Projects/Proto21/webapps/proto21_home/proto21_home/static
sBaseFileName: 40b67c5c-0107-457f-b566-f8506f2a94c3.jpg
sDBPath: /Users/dantefernandez/Projects/Proto21/webapps/proto21_home/proto21_home/db
sRelativePath: /Users/dantefernandez/Projects/Proto21/webapps/proto21_home/proto21_home/static
sBaseFileName: f66fb634-780d-4a36-a71b-0530f1a937b7.jpg
sDBPath: /Users/dantefernandez/Projects/Proto21/webapps/proto21_home/proto21_home/db
sRelativePath: /Users/dantefernandez/Projects/Proto21/webapps/proto21_home/proto21_home/static
sBaseFileName: b68543e1-1675-4f81-9224-4cfecfe45dd2.jpg
sDBPath: /Users/dantefernandez/Projects/Proto21/webapps/proto21_home/proto21_home/db
store_img1_view()
sRelativePath: /Users/dantefernandez/Projects/Proto21/webapps/proto21_home/proto21_home/static
sBaseFileName: 2f47ab28-cf4e-4fec-b4d4-b814a56b21c2.jpg
sDBPath: /Users/dantefernandez/Projects/Proto21/webapps/proto21_home/proto21_home/db
store_img1_view()
sRelativePath: /Users/dantefernandez/Projects/Proto21/webapps/proto21_home/proto21_home/static
sBaseFileName: e0aa236a-846e-4319-8024-10d7267ca25a.jpg
sDBPath: /Users/dantefernandez/Projects/Proto21/webapps/proto21_home/proto21_home/db
store_img1_view()
sRelativePath: /Users/dantefernandez/Projects/Proto21/webapps/proto21_home/proto21_home/static
sBaseFileName: 7824d34d-ab18-4f81-8ca6-1efd4f2ef00e.jpg
sDBPath: /Users/dantefernandez/Projects/Proto21/webapps/proto21_home/proto21_home/db
store_img1_view()
sRelativePath: /Users/dantefernandez/Projects/Proto21/webapps/proto21_home/proto21_home/static
sBaseFileName: 23eccdf3-3bae-4135-9703-58b4c9608dc6.jpg
sDBPath: /Users/dantefernandez/Projects/Proto21/webapps/proto21_home/proto21_home/db
store_img1_view()
sRelativePath: /Users/dantefernandez/Projects/Proto21/webapps/proto21_home/proto21_home/static
sBaseFileName: 8b1a07d1-ef73-4454-92aa-839e7a823ee4.jpg
sDBPath: /Users/dantefernandez/Projects/Proto21/webapps/proto21_home/proto21_home/db
sRelativePath: /Users/dantefernandez/Projects/Proto21/webapps/proto21_home/proto21_home/static
sBaseFileName: 8c445139-e72f-4d8e-96eb-7188239b8879.jpg
sDBPath: /Users/dantefernandez/Projects/Proto21/webapps/proto21_home/proto21_home/db
sRelativePath: /Users/dantefernandez/Projects/Proto21/webapps/proto21_home/proto21_home/static
sBaseFileName: 5d555870-dd55-4ec3-aaf7-9d450647d3fb.jpg
sDBPath: /Users/dantefernandez/Projects/Proto21/webapps/proto21_home/proto21_home/db
sRelativePath: /Users/dantefernandez/Projects/Proto21/webapps/proto21_home/proto21_home/static
sBaseFileName: a64a9c91-f1aa-477a-b8d2-8f5dba331733.jpg
sDBPath: /Users/dantefernandez/Projects/Proto21/webapps/proto21_home/proto21_home/db
sRelativePath: /Users/dantefernandez/Projects/Proto21/webapps/proto21_home/proto21_home/static
sBaseFileName: 615b5a07-c3f3-421a-beba-60bce6cb2e12.jpg
sDBPath: /Users/dantefernandez/Projects/Proto21/webapps/proto21_home/proto21_home/db
store_img1_view()
sRelativePath: /Users/dantefernandez/Projects/Proto21/webapps/proto21_home/proto21_home/static
sBaseFileName: bd7096b1-f3c6-42c6-965b-1165f653dddc.jpg
sDBPath: /Users/dantefernandez/Projects/Proto21/webapps/proto21_home/proto21_home/db
store_img1_view()
sRelativePath: /Users/dantefernandez/Projects/Proto21/webapps/proto21_home/proto21_home/static
sBaseFileName: 53fd9287-f82b-4c82-9994-2567e91a9f06.jpg
sDBPath: /Users/dantefernandez/Projects/Proto21/webapps/proto21_home/proto21_home/db
store_img1_view()
sRelativePath: /Users/dantefernandez/Projects/Proto21/webapps/proto21_home/proto21_home/static
sBaseFileName: dbae3ab0-e3b5-4eba-92a8-6c9abaa8f40e.jpg
sDBPath: /Users/dantefernandez/Projects/Proto21/webapps/proto21_home/proto21_home/db
store_doc1_view()
sRelativePath: /Users/dantefernandez/Projects/Proto21/webapps/proto21_home/proto21_home/static
sBaseFileName: c61066da-3a0e-4d05-aca7-ce6e3b7c12b7.pdf
sDBPath: /Users/dantefernandez/Projects/Proto21/webapps/proto21_home/proto21_home/db
store_doc1_view()
sRelativePath: /Users/dantefernandez/Projects/Proto21/webapps/proto21_home/proto21_home/static
sBaseFileName: 62871a11-7ed4-4f2d-ab7a-c9b1c69944a6.pdf
sDBPath: /Users/dantefernandez/Projects/Proto21/webapps/proto21_home/proto21_home/db
store_doc1_view()
sRelativePath: /Users/dantefernandez/Projects/Proto21/webapps/proto21_home/proto21_home/static
sBaseFileName: f571ce99-8ee7-4592-b284-ca5d44dcfd37.pdf
sDBPath: /Users/dantefernandez/Projects/Proto21/webapps/proto21_home/proto21_home/db
store_doc1_view()
sRelativePath: /Users/dantefernandez/Projects/Proto21/webapps/proto21_home/proto21_home/static
sBaseFileName: Chovan_Karen_CV.pdf.pdf
sDBPath: /Users/dantefernandez/Projects/Proto21/webapps/proto21_home/proto21_home/db
store_doc1_view()
sRelativePath: /Users/dantefernandez/Projects/Proto21/webapps/proto21_home/proto21_home/static
sBaseFileName: Chovan_Karen_CV.pdf.pdf
sDBPath: /Users/dantefernandez/Projects/Proto21/webapps/proto21_home/proto21_home/db
store_doc1_view()
sRelativePath: /Users/dantefernandez/Projects/Proto21/webapps/proto21_home/proto21_home/static
sBaseFileName: Chovan_Karen_CV.pdf
sDBPath: /Users/dantefernandez/Projects/Proto21/webapps/proto21_home/proto21_home/db
store_doc1_view()
sRelativePath: /Users/dantefernandez/Projects/Proto21/webapps/proto21_home/proto21_home/static
sBaseFileName: Chovan_Karen_CV.pdf
sDBPath: /Users/dantefernandez/Projects/Proto21/webapps/proto21_home/proto21_home/db
store_doc1_view()
sRelativePath: /Users/dantefernandez/Projects/Proto21/webapps/proto21_home/proto21_home/static
store_doc1_view()
sRelativePath: /Users/dantefernandez/Projects/Proto21/webapps/proto21_home/proto21_home/static
store_doc1_view()
sRelativePath: /Users/dantefernandez/Projects/Proto21/webapps/proto21_home/proto21_home/static
sBaseFileName: Chovan_Karen_CV.e33f3c89-b6d0-4629-a03a-0d87860fefc9.pdf
sDBPath: /Users/dantefernandez/Projects/Proto21/webapps/proto21_home/proto21_home/db
store_img1_view()
sRelativePath: /Users/dantefernandez/Projects/Proto21/webapps/proto21_home/proto21_home/static
sBaseFileName: 5f7c8441-9d70-4cff-b340-8335c36ba036.jpg
sDBPath: /Users/dantefernandez/Projects/Proto21/webapps/proto21_home/proto21_home/db
sRelativePath: /Users/dantefernandez/Projects/Proto21/webapps/proto21_home/proto21_home/static
sBaseFileName: a48a86fe-29d9-4428-bc75-6c49d9d0bb19.jpg
sDBPath: /Users/dantefernandez/Projects/Proto21/webapps/proto21_home/proto21_home/db
